<?xml version="1.0" encoding="UTF-8"?>
<testsuite xmlns:xsi="http://www.w3.org/2001/XMLSchema-instance" xsi:noNamespaceSchemaLocation="https://maven.apache.org/surefire/maven-surefire-plugin/xsd/surefire-test-report.xsd" name="com.ghartmann.AppTest" time="0.034" tests="1" errors="0" skipped="0" failures="0">
  <properties>
    <property name="java.specification.version" value="23"/>
    <property name="sun.cpu.isalist" value="amd64"/>
    <property name="sun.jnu.encoding" value="Cp1252"/>
    <property name="java.class.path" value="C:\Users\Gabriel\Documents\GitHub\Ip\iptracker\target\test-classes;C:\Users\Gabriel\Documents\GitHub\Ip\iptracker\target\classes;C:\Users\Gabriel\.m2\repository\junit\junit\4.11\junit-4.11.jar;C:\Users\Gabriel\.m2\repository\org\hamcrest\hamcrest-core\1.3\hamcrest-core-1.3.jar;C:\Users\Gabriel\.m2\repository\org\pcap4j\pcap4j-core\1.8.2\pcap4j-core-1.8.2.jar;C:\Users\Gabriel\.m2\repository\net\java\dev\jna\jna\5.3.1\jna-5.3.1.jar;C:\Users\Gabriel\.m2\repository\org\slf4j\slf4j-api\1.7.26\slf4j-api-1.7.26.jar;C:\Users\Gabriel\.m2\repository\org\pcap4j\pcap4j-packetfactory-static\1.8.2\pcap4j-packetfactory-static-1.8.2.jar;C:\Users\Gabriel\.m2\repository\org\slf4j\slf4j-simple\1.7.32\slf4j-simple-1.7.32.jar;"/>
    <property name="java.vm.vendor" value="Oracle Corporation"/>
    <property name="sun.arch.data.model" value="64"/>
    <property name="user.variant" value=""/>
    <property name="java.vendor.url" value="https://java.oracle.com/"/>
    <property name="user.timezone" value="America/Sao_Paulo"/>
    <property name="os.name" value="Windows 10"/>
    <property name="java.vm.specification.version" value="23"/>
    <property name="sun.java.launcher" value="SUN_STANDARD"/>
    <property name="user.country" value="BR"/>
    <property name="sun.boot.library.path" value="C:\Program Files\Java\jdk-23\bin"/>
    <property name="sun.java.command" value="C:\Users\Gabriel\AppData\Local\Temp\surefire7689504361150952572\surefirebooter14508278117230301819.jar C:\Users\Gabriel\AppData\Local\Temp\surefire7689504361150952572 2025-08-18T16-08-01_341-jvmRun1 surefire1463358155367950348tmp surefire_05262095078770948391tmp"/>
    <property name="jdk.debug" value="release"/>
    <property name="surefire.test.class.path" value="C:\Users\Gabriel\Documents\GitHub\Ip\iptracker\target\test-classes;C:\Users\Gabriel\Documents\GitHub\Ip\iptracker\target\classes;C:\Users\Gabriel\.m2\repository\junit\junit\4.11\junit-4.11.jar;C:\Users\Gabriel\.m2\repository\org\hamcrest\hamcrest-core\1.3\hamcrest-core-1.3.jar;C:\Users\Gabriel\.m2\repository\org\pcap4j\pcap4j-core\1.8.2\pcap4j-core-1.8.2.jar;C:\Users\Gabriel\.m2\repository\net\java\dev\jna\jna\5.3.1\jna-5.3.1.jar;C:\Users\Gabriel\.m2\repository\org\slf4j\slf4j-api\1.7.26\slf4j-api-1.7.26.jar;C:\Users\Gabriel\.m2\repository\org\pcap4j\pcap4j-packetfactory-static\1.8.2\pcap4j-packetfactory-static-1.8.2.jar;C:\Users\Gabriel\.m2\repository\org\slf4j\slf4j-simple\1.7.32\slf4j-simple-1.7.32.jar;"/>
    <property name="sun.cpu.endian" value="little"/>
    <property name="user.home" value="C:\Users\Gabriel"/>
    <property name="user.language" value="pt"/>
    <property name="java.specification.vendor" value="Oracle Corporation"/>
    <property name="java.version.date" value="2025-01-21"/>
    <property name="java.home" value="C:\Program Files\Java\jdk-23"/>
    <property name="file.separator" value="\"/>
    <property name="basedir" value="C:\Users\Gabriel\Documents\GitHub\Ip\iptracker"/>
    <property name="java.vm.compressedOopsMode" value="Zero based"/>
    <property name="line.separator" value="&#10;"/>
    <property name="java.vm.specification.vendor" value="Oracle Corporation"/>
    <property name="java.specification.name" value="Java Platform API Specification"/>
    <property name="surefire.real.class.path" value="C:\Users\Gabriel\AppData\Local\Temp\surefire7689504361150952572\surefirebooter14508278117230301819.jar"/>
    <property name="user.script" value=""/>
    <property name="sun.management.compiler" value="HotSpot 64-Bit Tiered Compilers"/>
    <property name="java.runtime.version" value="23.0.2+7-58"/>
    <property name="user.name" value="Gabriel"/>
    <property name="stdout.encoding" value="Cp1252"/>
    <property name="path.separator" value=";"/>
    <property name="os.version" value="10.0"/>
    <property name="java.runtime.name" value="Java(TM) SE Runtime Environment"/>
    <property name="file.encoding" value="UTF-8"/>
    <property name="java.vm.name" value="Java HotSpot(TM) 64-Bit Server VM"/>
    <property name="localRepository" value="C:\Users\Gabriel\.m2\repository"/>
    <property name="java.vendor.url.bug" value="https://bugreport.java.com/bugreport/"/>
    <property name="java.io.tmpdir" value="C:\Users\Gabriel\AppData\Local\Temp\"/>
    <property name="java.version" value="23.0.2"/>
    <property name="user.dir" value="C:\Users\Gabriel\Documents\GitHub\Ip\iptracker"/>
    <property name="os.arch" value="amd64"/>
    <property name="java.vm.specification.name" value="Java Virtual Machine Specification"/>
    <property name="sun.os.patch.level" value=""/>
    <property name="native.encoding" value="Cp1252"/>
    <property name="java.library.path" value="C:\Program Files\Java\jdk-23\bin;C:\Windows\Sun\Java\bin;C:\Windows\system32;C:\Windows;C:\\Program Files\\Java\\jdk-23\\bin;C:\\Users\\Gabriel\\.trae\\tools\\maven\\latest\\bin;C:\\Users\\Gabriel\\.trae\\tools\\gradle\\latest\\bin;c:\\Users\\Gabriel\\.trae\\sdks\\workspaces\\9b1b8e5a\\versions\\node\\current;c:\\Users\\Gabriel\\.trae\\sdks\\versions\\node\\current;C:\Program Files\Java\jdk-23\bin;C:\Users\Gabriel\.trae\tools\maven\latest\bin;C:\Users\Gabriel\.trae\tools\gradle\latest\bin;c:\Users\Gabriel\.trae\sdks\workspaces\9b1b8e5a\versions\node\current;c:\Users\Gabriel\.trae\sdks\versions\node\current;&quot;C:\Users\Gabriel\AppData\Local\Programs\Opera&quot;;C:\Program Files\Maeven\apache-maven-3.9.9\bin;C:\Program Files\Common Files\Oracle\Java\javapath;C:\Program Files (x86)\Common Files\Oracle\Java\java8path;C:\Program Files (x86)\Common Files\Oracle\Java\javapath;C:\Windows\system32;C:\Windows;C:\Windows\System32\Wbem;C:\Windows\System32\WindowsPowerShell\v1.0\;C:\Windows\System32\OpenSSH\;C:\Program Files\dotnet\;C:\Program Files\Git\cmd;C:\Program Files\Java\jdk-23\bin;C:\Program Files\Maeven\apache-maven-3.9.9\bin;C:\Users\Gabriel\Downloads\ffmpeg-2025-02-06-git-6da82b4485-full_build\bin;C:\Users\Gabriel\Documents\Programinhas\ytdownload\videoyt;C:\Program Files\Tailscale\;C:\Program Files\nodejs\;C:\Users\Gabriel\AppData\Local\Microsoft\WindowsApps;C:\Program Files\Java\jdk-23\bin;C:\Users\Gabriel\AppData\Local\GitHubDesktop\bin;C:\Users\Gabriel\AppData\Roaming\npm;C:\Users\Gabriel\AppData\Local\Programs\Microsoft VS Code\bin;."/>
    <property name="java.vm.info" value="mixed mode, sharing"/>
    <property name="stderr.encoding" value="Cp1252"/>
    <property name="java.vendor" value="Oracle Corporation"/>
    <property name="java.vm.version" value="23.0.2+7-58"/>
    <property name="sun.io.unicode.encoding" value="UnicodeLittle"/>
    <property name="java.class.version" value="67.0"/>
  </properties>
  <testcase name="shouldAnswerWithTrue" classname="com.ghartmann.AppTest" time="0.003"/>
</testsuite>